<?xml version="1.0" encoding="UTF-8"?>
<testsuite xmlns:xsi="http://www.w3.org/2001/XMLSchema-instance" xsi:noNamespaceSchemaLocation="https://maven.apache.org/surefire/maven-surefire-plugin/xsd/surefire-test-report-3.0.xsd" version="3.0" name="com.hadjerbouzid.inventoryservice.InventoryServiceApplicationTests" time="14.899" tests="1" errors="0" skipped="0" failures="0">
  <properties>
[...]
</properties>
  <testcase name="contextLoads" classname="com.hadjerbouzid.inventoryservice.InventoryServiceApplicationTests" time="1.057">
    <system-out><![CDATA[13:40:56.520 [main] INFO org.springframework.test.context.support.AnnotationConfigContextLoaderUtils -- Could not detect default configuration classes for test class [com.hadjerbouzid.inventoryservice.InventoryServiceApplicationTests]: InventoryServiceApplicationTests does not declare any static, non-private, non-final, nested classes annotated with @Configuration.
13:40:56.777 [main] INFO org.springframework.boot.test.context.SpringBootTestContextBootstrapper -- Found @SpringBootConfiguration com.hadjerbouzid.inventoryservice.InventoryServiceApplication for test class com.hadjerbouzid.inventoryservice.InventoryServiceApplicationTests

  .   ____          _            __ _ _
 /\\ / ___'_ __ _ _(_)_ __  __ _ \ \ \ \
( ( )\___ | '_ | '_| | '_ \/ _` | \ \ \ \
 \\/  ___)| |_)| | | | | || (_| |  ) ) ) )
  '  |____| .__|_| |_|_| |_\__, | / / / /
 =========|_|==============|___/=/_/_/_/
 :: Spring Boot ::                (v3.1.5)

2023-10-30T13:40:58.316+01:00  INFO 12268 --- [           main] c.h.i.InventoryServiceApplicationTests   : Starting InventoryServiceApplicationTests using Java 17.0.7 with PID 12268 (started by LENOVO in C:\dev\microservices-new\inventory-service)
2023-10-30T13:40:58.320+01:00  INFO 12268 --- [           main] c.h.i.InventoryServiceApplicationTests   : No active profile set, falling back to 1 default profile: "default"
2023-10-30T13:41:00.319+01:00  INFO 12268 --- [           main] .s.d.r.c.RepositoryConfigurationDelegate : Bootstrapping Spring Data JPA repositories in DEFAULT mode.
2023-10-30T13:41:00.724+01:00  INFO 12268 --- [           main] .s.d.r.c.RepositoryConfigurationDelegate : Finished Spring Data repository scanning in 387 ms. Found 1 JPA repository interfaces.
2023-10-30T13:41:01.576+01:00  INFO 12268 --- [           main] o.s.cloud.context.scope.GenericScope     : BeanFactory id=ba7f0425-d183-306d-8298-9419af565fba
2023-10-30T13:41:02.413+01:00  INFO 12268 --- [           main] o.hibernate.jpa.internal.util.LogHelper  : HHH000204: Processing PersistenceUnitInfo [name: default]
2023-10-30T13:41:02.585+01:00  INFO 12268 --- [           main] org.hibernate.Version                    : HHH000412: Hibernate ORM core version 6.2.13.Final
2023-10-30T13:41:02.592+01:00  INFO 12268 --- [           main] org.hibernate.cfg.Environment            : HHH000406: Using bytecode reflection optimizer
2023-10-30T13:41:03.436+01:00  INFO 12268 --- [           main] o.s.o.j.p.SpringPersistenceUnitInfo      : No LoadTimeWeaver setup: ignoring JPA class transformer
2023-10-30T13:41:03.508+01:00  INFO 12268 --- [           main] com.zaxxer.hikari.HikariDataSource       : HikariPool-1 - Starting...
2023-10-30T13:41:04.014+01:00  INFO 12268 --- [           main] com.zaxxer.hikari.pool.HikariPool        : HikariPool-1 - Added connection com.mysql.cj.jdbc.ConnectionImpl@5aa6da2
2023-10-30T13:41:04.020+01:00  INFO 12268 --- [           main] com.zaxxer.hikari.HikariDataSource       : HikariPool-1 - Start completed.
2023-10-30T13:41:05.979+01:00  INFO 12268 --- [           main] o.h.e.t.j.p.i.JtaPlatformInitiator       : HHH000489: No JTA platform available (set 'hibernate.transaction.jta.platform' to enable JTA platform integration)
2023-10-30T13:41:06.109+01:00  INFO 12268 --- [           main] j.LocalContainerEntityManagerFactoryBean : Initialized JPA EntityManagerFactory for persistence unit 'default'
2023-10-30T13:41:07.518+01:00  WARN 12268 --- [           main] JpaBaseConfiguration$JpaWebConfiguration : spring.jpa.open-in-view is enabled by default. Therefore, database queries may be performed during view rendering. Explicitly configure spring.jpa.open-in-view to disable this warning
2023-10-30T13:41:09.093+01:00  INFO 12268 --- [           main] DiscoveryClientOptionalArgsConfiguration : Eureka HTTP Client uses RestTemplate.
2023-10-30T13:41:09.653+01:00  WARN 12268 --- [           main] iguration$LoadBalancerCaffeineWarnLogger : Spring Cloud LoadBalancer is currently working with the default cache. While this cache implementation is useful for development and tests, it's recommended to use Caffeine cache in production.You can switch to using Caffeine cache, by adding it and org.springframework.cache.caffeine.CaffeineCacheManager to the classpath.
2023-10-30T13:41:09.718+01:00  INFO 12268 --- [           main] c.h.i.InventoryServiceApplicationTests   : Started InventoryServiceApplicationTests in 12.477 seconds (process running for 15.384)
]]></system-out>
  </testcase>
</testsuite>